1691217445179	geckodriver	INFO	Listening on 127.0.0.1:51027
1691217448256	mozrunner::runner	INFO	Running command: "C:\\Program Files\\Mozilla Firefox\\firefox.exe" "--marionette" "--remote-debugging-port" "51028" "--remote-allow-hosts" "localhost" "-no-remote" "-profile" "C:\\Users\\xfura\\AppData\\Local\\Temp\\rust_mozprofiletUxDBH"
console.warn: services.settings: Ignoring preference override of remote settings server
console.warn: services.settings: Allow by setting MOZ_REMOTE_SETTINGS_DEVTOOLS=1 in the environment
1691217449535	Marionette	INFO	Marionette enabled
Dynamically enable window occlusion 0
1691217449658	Marionette	INFO	Listening on port 51045
WebDriver BiDi listening on ws://127.0.0.1:51028
Read port: 51045
1691217450588	RemoteAgent	WARN	TLS certificate errors will be ignored for this session
DevTools listening on ws://127.0.0.1:51028/devtools/browser/6a8586bf-fb99-4783-b615-422acfe987f0
JavaScript warning: https://static.cdninstagram.com/rsrc.php/v3ijaT4/yp/l/ja_JP/m64qPNxOIAr.js?_nc_x=Ij3Wp8lg5Kz, line 1750: unreachable code after return statement
JavaScript warning: https://static.cdninstagram.com/rsrc.php/v3ijaT4/yp/l/ja_JP/m64qPNxOIAr.js?_nc_x=Ij3Wp8lg5Kz, line 1753: unreachable code after return statement
JavaScript warning: https://static.cdninstagram.com/rsrc.php/v3ifEd4/y6/l/ja_JP/K5jFCq8dLEl.js?_nc_x=Ij3Wp8lg5Kz, line 137: WEBGL_debug_renderer_info is deprecated in Firefox and will be removed. Please use RENDERER.
[Parent 4376, IPC I/O Parent] WARNING: DuplicateHandle failed for handle 0 in TransferHandles: file /builds/worker/checkouts/gecko/ipc/chromium/src/chrome/common/ipc_channel_win.cc:621
[GPU 4360, IPC I/O Child] WARNING: pipe error: 232: file /builds/worker/checkouts/gecko/ipc/chromium/src/chrome/common/ipc_channel_win.cc:443
JavaScript warning: https://static.cdninstagram.com/rsrc.php/v3ijaT4/yp/l/ja_JP/m64qPNxOIAr.js?_nc_x=Ij3Wp8lg5Kz, line 888: Script terminated by timeout at:
h.canUseNavigatorBeacon@https://static.cdninstagram.com/rsrc.php/v3ijaT4/yp/l/ja_JP/m64qPNxOIAr.js?_nc_x=Ij3Wp8lg5Kz:888:4224
B@https://static.cdninstagram.com/rsrc.php/v3ijaT4/yp/l/ja_JP/m64qPNxOIAr.js?_nc_x=Ij3Wp8lg5Kz:888:1580
h._initialize/<@https://static.cdninstagram.com/rsrc.php/v3ijaT4/yp/l/ja_JP/m64qPNxOIAr.js?_nc_x=Ij3Wp8lg5Kz:888:4851
d@https://static.cdninstagram.com/rsrc.php/v3ijaT4/yp/l/ja_JP/m64qPNxOIAr.js?_nc_x=Ij3Wp8lg5Kz:889:158

1691217466079	Marionette	INFO	Stopped listening on port 51045
Dynamically enable window occlusion 1
[Parent 4376, IPC I/O Parent] WARNING: DuplicateHandle failed for handle 0 in TransferHandles: file /builds/worker/checkouts/gecko/ipc/chromium/src/chrome/common/ipc_channel_win.cc:621
[GPU 4360, IPC I/O Child] WARNING: pipe error: 232: file /builds/worker/checkouts/gecko/ipc/chromium/src/chrome/common/ipc_channel_win.cc:443
[Parent 4376, IPC I/O Parent] WARNING: DuplicateHandle failed for handle 0 in TransferHandles: file /builds/worker/checkouts/gecko/ipc/chromium/src/chrome/common/ipc_channel_win.cc:621
[GPU 4360, IPC I/O Child] WARNING: pipe error: 232: file /builds/worker/checkouts/gecko/ipc/chromium/src/chrome/common/ipc_channel_win.cc:443
[Parent 4376, IPC I/O Parent] WARNING: DuplicateHandle failed for handle 0 in TransferHandles: file /builds/worker/checkouts/gecko/ipc/chromium/src/chrome/common/ipc_channel_win.cc:621
[GPU 4360, IPC I/O Child] WARNING: pipe error: 232: file /builds/worker/checkouts/gecko/ipc/chromium/src/chrome/common/ipc_channel_win.cc:443
[Parent 4376, IPC I/O Parent] WARNING: DuplicateHandle failed for handle 0 in TransferHandles: file /builds/worker/checkouts/gecko/ipc/chromium/src/chrome/common/ipc_channel_win.cc:621
[GPU 4360, IPC I/O Child] WARNING: pipe error: 232: file /builds/worker/checkouts/gecko/ipc/chromium/src/chrome/common/ipc_channel_win.cc:443
1691217578861	geckodriver	INFO	Listening on 127.0.0.1:51225
1691217581926	mozrunner::runner	INFO	Running command: "C:\\Program Files\\Mozilla Firefox\\firefox.exe" "--marionette" "--remote-debugging-port" "51226" "--remote-allow-hosts" "localhost" "-no-remote" "-profile" "C:\\Users\\xfura\\AppData\\Local\\Temp\\rust_mozprofileZzEC5x"
console.warn: services.settings: Ignoring preference override of remote settings server
console.warn: services.settings: Allow by setting MOZ_REMOTE_SETTINGS_DEVTOOLS=1 in the environment
1691217582249	Marionette	INFO	Marionette enabled
Dynamically enable window occlusion 0
1691217582369	Marionette	INFO	Listening on port 51236
Read port: 51236
WebDriver BiDi listening on ws://127.0.0.1:51226
1691217582616	RemoteAgent	WARN	TLS certificate errors will be ignored for this session
DevTools listening on ws://127.0.0.1:51226/devtools/browser/590f18ce-d716-4bbc-a7b1-dc0284221159
JavaScript warning: https://static.cdninstagram.com/rsrc.php/v3ijaT4/yp/l/ja_JP/m64qPNxOIAr.js?_nc_x=Ij3Wp8lg5Kz, line 1750: unreachable code after return statement
JavaScript warning: https://static.cdninstagram.com/rsrc.php/v3ijaT4/yp/l/ja_JP/m64qPNxOIAr.js?_nc_x=Ij3Wp8lg5Kz, line 1753: unreachable code after return statement
JavaScript warning: https://static.cdninstagram.com/rsrc.php/v3ifEd4/y6/l/ja_JP/K5jFCq8dLEl.js?_nc_x=Ij3Wp8lg5Kz, line 137: WEBGL_debug_renderer_info is deprecated in Firefox and will be removed. Please use RENDERER.
[Parent 19992, IPC I/O Parent] WARNING: DuplicateHandle failed for handle 0 in TransferHandles: file /builds/worker/checkouts/gecko/ipc/chromium/src/chrome/common/ipc_channel_win.cc:621
[GPU 19624, IPC I/O Child] WARNING: pipe error: 232: file /builds/worker/checkouts/gecko/ipc/chromium/src/chrome/common/ipc_channel_win.cc:443
JavaScript error: resource://devtools/server/actors/resources/network-events-content.js, line 68: NS_NOINTERFACE: Component returned failure code: 0x80004002 (NS_NOINTERFACE) [nsISupports.QueryInterface]
JavaScript warning: https://static.cdninstagram.com/rsrc.php/v3iCDc4/ys/l/ja_JP/wjfMF0kzKiHr2p7esd700UPpp6xsWq7SQavIS7lN4mgVdqjdU01GQB2r0h8oehBcS6AFMoSOzG5OSmGFms8rpVgWx_PMPNPoI3LQObHtOZrGBpjJb3-nGJM7GzQ-9h36-TbwnXTLhQ4jB9LIohmRQ2b689WHZ_iRE3wGmRgLU00S-JjLEdUDCg7fTF4vsWqehdEtWwDQVEH-g-FDC.js?_nc_x=Ij3Wp8lg5Kz, line 50: Script terminated by timeout at:
yi@https://static.cdninstagram.com/rsrc.php/v3iCDc4/ys/l/ja_JP/wjfMF0kzKiHr2p7esd700UPpp6xsWq7SQavIS7lN4mgVdqjdU01GQB2r0h8oehBcS6AFMoSOzG5OSmGFms8rpVgWx_PMPNPoI3LQObHtOZrGBpjJb3-nGJM7GzQ-9h36-TbwnXTLhQ4jB9LIohmRQ2b689WHZ_iRE3wGmRgLU00S-JjLEdUDCg7fTF4vsWqehdEtWwDQVEH-g-FDC.js?_nc_x=Ij3Wp8lg5Kz:50:106455
xi@https://static.cdninstagram.com/rsrc.php/v3iCDc4/ys/l/ja_JP/wjfMF0kzKiHr2p7esd700UPpp6xsWq7SQavIS7lN4mgVdqjdU01GQB2r0h8oehBcS6AFMoSOzG5OSmGFms8rpVgWx_PMPNPoI3LQObHtOZrGBpjJb3-nGJM7GzQ-9h36-TbwnXTLhQ4jB9LIohmRQ2b689WHZ_iRE3wGmRgLU00S-JjLEdUDCg7fTF4vsWqehdEtWwDQVEH-g-FDC.js?_nc_x=Ij3Wp8lg5Kz:50:106406
yi@https://static.cdninstagram.com/rsrc.php/v3iCDc4/ys/l/ja_JP/wjfMF0kzKiHr2p7esd700UPpp6xsWq7SQavIS7lN4mgVdqjdU01GQB2r0h8oehBcS6AFMoSOzG5OSmGFms8rpVgWx_PMPNPoI3LQObHtOZrGBpjJb3-nGJM7GzQ-9h36-TbwnXTLhQ4jB9LIohmRQ2b689WHZ_iRE3wGmRgLU00S-JjLEdUDCg7fTF4vsWqehdEtWwDQVEH-g-FDC.js?_nc_x=Ij3Wp8lg5Kz:50:106543
Uj@https://static.cdninstagram.com/rsrc.php/v3iCDc4/ys/l/ja_JP/wjfMF0kzKiHr2p7esd700UPpp6xsWq7SQavIS7lN4mgVdqjdU01GQB2r0h8oehBcS6AFMoSOzG5OSmGFms8rpVgWx_PMPNPoI3LQObHtOZrGBpjJb3-nGJM7GzQ-9h36-TbwnXTLhQ4jB9LIohmRQ2b689WHZ_iRE3wGmRgLU00S-JjLEdUDCg7fTF4vsWqehdEtWwDQVEH-g-FDC.js?_nc_x=Ij3Wp8lg5Kz:50:121517
Tj@https://static.cdninstagram.com/rsrc.php/v3iCDc4/ys/l/ja_JP/wjfMF0kzKiHr2p7esd700UPpp6xsWq7SQavIS7lN4mgVdqjdU01GQB2r0h8oehBcS6AFMoSOzG5OSmGFms8rpVgWx_PMPNPoI3LQObHtOZrGBpjJb3-nGJM7GzQ-9h36-TbwnXTLhQ4jB9LIohmRQ2b689WHZ_iRE3wGmRgLU00S-JjLEdUDCg7fTF4vsWqehdEtWwDQVEH-g-FDC.js?_nc_x=Ij3Wp8lg5Kz:50:121324
Rj/<@https://static.cdninstagram.com/rsrc.php/v3iCDc4/ys/l/ja_JP/wjfMF0kzKiHr2p7esd700UPpp6xsWq7SQavIS7lN4mgVdqjdU01GQB2r0h8oehBcS6AFMoSOzG5OSmGFms8rpVgWx_PMPNPoI3LQObHtOZrGBpjJb3-nGJM7GzQ-9h36-TbwnXTLhQ4jB9LIohmRQ2b689WHZ_iRE3wGmRgLU00S-JjLEdUDCg7fTF4vsWqehdEtWwDQVEH-g-FDC.js?_nc_x=Ij3Wp8lg5Kz:50:120315
applyWithGuard@https://static.cdninstagram.com/rsrc.php/v3/y6/r/gUEU-Znmv7R.js?_nc_x=Ij3Wp8lg5Kz:59:10432
c@https://static.cdninstagram.com/rsrc.php/v3/y6/r/gUEU-Znmv7R.js?_nc_x=Ij3Wp8lg5Kz:59:11166
N@https://static.cdninstagram.com/rsrc.php/v3/y6/r/gUEU-Znmv7R.js?_nc_x=Ij3Wp8lg5Kz:223:2343
U@https://static.cdninstagram.com/rsrc.php/v3/y6/r/gUEU-Znmv7R.js?_nc_x=Ij3Wp8lg5Kz:223:3045

JavaScript error: resource://gre/modules/AsyncShutdown.sys.mjs, line 575: NotFoundError: No such JSWindowActor 'DevToolsFrame'
1691219108240	Marionette	INFO	Stopped listening on port 51236
Dynamically enable window occlusion 1
[Parent 19992, IPC I/O Parent] WARNING: DuplicateHandle failed for handle 0 in TransferHandles: file /builds/worker/checkouts/gecko/ipc/chromium/src/chrome/common/ipc_channel_win.cc:621
[GPU 19624, IPC I/O Child] WARNING: pipe error: 232: file /builds/worker/checkouts/gecko/ipc/chromium/src/chrome/common/ipc_channel_win.cc:443
[Parent 19992, IPC I/O Parent] WARNING: DuplicateHandle failed for handle 0 in TransferHandles: file /builds/worker/checkouts/gecko/ipc/chromium/src/chrome/common/ipc_channel_win.cc:621
[GPU 19624, IPC I/O Child] WARNING: pipe error: 232: file /builds/worker/checkouts/gecko/ipc/chromium/src/chrome/common/ipc_channel_win.cc:443
[Parent 19992, IPC I/O Parent] WARNING: DuplicateHandle failed for handle 0 in TransferHandles: file /builds/worker/checkouts/gecko/ipc/chromium/src/chrome/common/ipc_channel_win.cc:621
[GPU 19624, IPC I/O Child] WARNING: pipe error: 232: file /builds/worker/checkouts/gecko/ipc/chromium/src/chrome/common/ipc_channel_win.cc:443
[Parent 19992, IPC I/O Parent] WARNING: DuplicateHandle failed for handle 0 in TransferHandles: file /builds/worker/checkouts/gecko/ipc/chromium/src/chrome/common/ipc_channel_win.cc:621
[GPU 19624, IPC I/O Child] WARNING: pipe error: 232: file /builds/worker/checkouts/gecko/ipc/chromium/src/chrome/common/ipc_channel_win.cc:443
8-67ac8114eb3a
JavaScript warning: https://static.cdninstagram.com/rsrc.php/v3ijaT4/yp/l/ja_JP/m64qPNxOIAr.js?_nc_x=Ij3Wp8lg5Kz, line 1750: unreachable code after return statement
JavaScript warning: https://static.cdninstagram.com/rsrc.php/v3ijaT4/yp/l/ja_JP/m64qPNxOIAr.js?_nc_x=Ij3Wp8lg5Kz, line 1753: unreachable code after return statement
JavaScript warning: https://static.cdninstagram.com/rsrc.php/v3ifEd4/y6/l/ja_JP/K5jFCq8dLEl.js?_nc_x=Ij3Wp8lg5Kz, line 137: WEBGL_debug_renderer_info is deprecated in Firefox and will be removed. Please use RENDERER.
[Parent 2032, IPC I/O Parent] WARNING: DuplicateHandle failed for handle 0 in TransferHandles: file /builds/worker/checkouts/gecko/ipc/chromium/src/chrome/common/ipc_channel_win.cc:621
[GPU 16332, IPC I/O Child] WARNING: pipe error: 232: file /builds/worker/checkouts/gecko/ipc/chromium/src/chrome/common/ipc_channel_win.cc:443
1691218593512	Marionette	INFO	Stopped listening on port 54073
Dynamically enable window occlusion 1
[Parent 2032, IPC I/O Parent] WARNING: DuplicateHandle failed for handle 0 in TransferHandles: file /builds/worker/checkouts/gecko/ipc/chromium/src/chrome/common/ipc_channel_win.cc:621
[GPU 16332, IPC I/O Child] WARNING: pipe error: 232: file /builds/worker/checkouts/gecko/ipc/chromium/src/chrome/common/ipc_channel_win.cc:443
[Parent 2032, IPC I/O Parent] WARNING: DuplicateHandle failed for handle 0 in TransferHandles: file /builds/worker/checkouts/gecko/ipc/chromium/src/chrome/common/ipc_channel_win.cc:621
[GPU 16332, IPC I/O Child] WARNING: pipe error: 232: file /builds/worker/checkouts/gecko/ipc/chromium/src/chrome/common/ipc_channel_win.cc:443
[Parent 2032, IPC I/O Parent] WARNING: DuplicateHandle failed for handle 0 in TransferHandles: file /builds/worker/checkouts/gecko/ipc/chromium/src/chrome/common/ipc_channel_win.cc:621
[GPU 16332, IPC I/O Child] WARNING: pipe error: 232: file /builds/worker/checkouts/gecko/ipc/chromium/src/chrome/common/ipc_channel_win.cc:443
1691218660337	geckodriver	INFO	Listening on 127.0.0.1:54243
1691218663382	mozrunner::runner	INFO	Running command: "C:\\Program Files\\Mozilla Firefox\\firefox.exe" "--marionette" "--remote-debugging-port" "54244" "--remote-allow-hosts" "localhost" "-no-remote" "-profile" "C:\\Users\\xfura\\AppData\\Local\\Temp\\rust_mozprofileVrlQPA"
console.warn: services.settings: Ignoring preference override of remote settings server
console.warn: services.settings: Allow by setting MOZ_REMOTE_SETTINGS_DEVTOOLS=1 in the environment
1691218663718	Marionette	INFO	Marionette enabled
Dynamically enable window occlusion 0
1691218663804	Marionette	INFO	Listening on port 54251
WebDriver BiDi listening on ws://127.0.0.1:54244
Read port: 54251
1691218664045	RemoteAgent	WARN	TLS certificate errors will be ignored for this session
DevTools listening on ws://127.0.0.1:54244/devtools/browser/cd62035f-88ab-486f-8510-503d838fe255
JavaScript warning: https://static.cdninstagram.com/rsrc.php/v3ijaT4/yp/l/ja_JP/m64qPNxOIAr.js?_nc_x=Ij3Wp8lg5Kz, line 1750: unreachable code after return statement
JavaScript warning: https://static.cdninstagram.com/rsrc.php/v3ijaT4/yp/l/ja_JP/m64qPNxOIAr.js?_nc_x=Ij3Wp8lg5Kz, line 1753: unreachable code after return statement
JavaScript warning: https://static.cdninstagram.com/rsrc.php/v3ifEd4/y6/l/ja_JP/K5jFCq8dLEl.js?_nc_x=Ij3Wp8lg5Kz, line 137: WEBGL_debug_renderer_info is deprecated in Firefox and will be removed. Please use RENDERER.
[Parent 11688, IPC I/O Parent] WARNING: DuplicateHandle failed for handle 0 in TransferHandles: file /builds/worker/checkouts/gecko/ipc/chromium/src/chrome/common/ipc_channel_win.cc:621
[GPU 8092, IPC I/O Child] WARNING: pipe error: 232: file /builds/worker/checkouts/gecko/ipc/chromium/src/chrome/common/ipc_channel_win.cc:443
1691218729520	Marionette	INFO	Stopped listening on port 54251691218731677	mozrunner::runner	INFO	Running command: "C:\\Program Files\\Mozilla Firefox\\firefox.exe" "--marionette" "--remote-debugging-port" "54371" "--remote-allow-hosts" "localhost" "-no-remote" "-profile" "C:\\Users\\xfura\\AppData\\Local\\Temp\\rust_mozprofileq8u5sA"
console.warn: services.settings: Ignoring preference override of remote settings server
console.warn: services.settings: Allow by setting MOZ_REMOTE_SETTINGS_DEVTOOLS=1 in the environment
1691218731981	Marionette	INFO	Marionette enabled
Dynamically enable window occlusion 0
1691218732071	Marionette	INFO	Listening on port 54380
WebDriver BiDi listening on ws://127.0.0.1:54371
Read port: 54380
1691218732331	RemoteAgent	WARN	TLS certificate errors will be ignored for this session
DevTools listening on ws://127.0.0.1:54371/devtools/browser/556d37cf-f5b4-44d9-82cb-2c7e72fb5a36
JavaScript warning: https://static.cdninstagram.com/rsrc.php/v3ijaT4/yp/l/ja_JP/m64qPNxOIAr.js?_nc_x=Ij3Wp8lg5Kz, line 1750: unreachable code after return statement
JavaScript warning: https://static.cdninstagram.com/rsrc.php/v3ijaT4/yp/l/ja_JP/m64qPNxOIAr.js?_nc_x=Ij3Wp8lg5Kz, line 1753: unreachable code after return statement
JavaScript warning: https://static.cdninstagram.com/rsrc.php/v3ifEd4/y6/l/ja_JP/K5jFCq8dLEl.js?_nc_x=Ij3Wp8lg5Kz, line 137: WEBGL_debug_renderer_info is deprecated in Firefox and will be removed. Please use RENDERER.
[Parent 14900, IPC I/O Parent] WARNING: DuplicateHandle failed for handle 0 in TransferHandles: file /builds/worker/checkouts/gecko/ipc/chromium/src/chrome/common/ipc_channel_win.cc:621
[GPU 15260, IPC I/O Child] WARNING: pipe error: 232: file /builds/worker/checkouts/gecko/ipc/chromium/src/chrome/common/ipc_channel_win.cc:443
console.warn: LoginRecipes: "Falling back to a synchronous message for: https://www.instagram.com."
JavaScript warning: https://static.cdninstagram.com/rsrc.php/v3ijaT4/yp/l/ja_JP/m64qPNxOIAr.js?_nc_x=Ij3Wp8lg5Kz, line 943: Script terminated by timeout at:
e@https://static.cdninstagram.com/rsrc.php/v3ijaT4/yp/l/ja_JP/m64qPNxOIAr.js?_nc_x=Ij3Wp8lg5Kz:943:1149
inform/<@https://static.cdninstagram.com/rsrc.php/v3ijaT4/yp/l/ja_JP/m64qPNxOIAr.js?_nc_x=Ij3Wp8lg5Kz:896:1230
inform@https://static.cdninstagram.com/rsrc.php/v3ijaT4/yp/l/ja_JP/m64qPNxOIAr.js?_nc_x=Ij3Wp8lg5Kz:896:1203
J@https://static.cdninstagram.com/rsrc.php/v3ijaT4/yp/l/ja_JP/m64qPNxOIAr.js?_nc_x=Ij3Wp8lg5Kz:888:4279
h._initialize/<@https://static.cdninstagram.com/rsrc.php/v3ijaT4/yp/l/ja_JP/m64qPNxOIAr.js?_nc_x=Ij3Wp8lg5Kz:888:4855
d@https://static.cdninstagram.com/rsrc.php/v3ijaT4/yp/l/ja_JP/m64qPNxOIAr.js?_nc_x=Ij3Wp8lg5Kz:889:158

1691218751819	Marionette	INFO	Stopped listening on port 54380
Dynamically enable window occlusion 1
[Parent 14900, IPC I/O Parent] WARNING: DuplicateHandle failed for handle 0 in TransferHandles: file /builds/worker/checkouts/gecko/ipc/chromium/src/chrome/common/ipc_channel_win.cc:621
[GPU 15260, IPC I/O Child] WARNING: pipe error: 232: file /builds/worker/checkouts/gecko/ipc/chromium/src/chrome/common/ipc_channel_win.cc:443
[Parent 14900, IPC I/O Parent] WARNING: DuplicateHandle failed for handle 0 in TransferHandles: file /builds/worker/checkouts/gecko/ipc/chromium/src/chrome/common/ipc_channel_win.cc:621
[GPU 15260, IPC I/O Child] WARNING: pipe error: 232: file /builds/worker/checkouts/gecko/ipc/chromium/src/chrome/common/ipc_channel_win.cc:443
[Parent 14900, IPC I/O Parent] WARNING: DuplicateHandle failed for handle 0 in TransferHandles: file /builds/worker/checkouts/gecko/ipc/chromium/src/chrome/common/ipc_channel_win.cc:621
[GPU 15260, IPC I/O Child] WARNING: pipe error: 232: file /builds/worker/checkouts/gecko/ipc/chromium/src/chrome/common/ipc_channel_win.cc:443
[Parent 14900, IPC I/O Parent] WARNING: DuplicateHandle failed for handle 0 in TransferHandles: file /builds/worker/checkouts/gecko/ipc/chromium/src/chrome/common/ipc_channel_win.cc:621
[GPU 15260, IPC I/O Child] WARNING: pipe error: 232: file /builds/worker/checkouts/gecko/ipc/chromium/src/chrome/common/ipc_channel_win.cc:443
[Parent 14900, IPC I/O Parent] WARNING: DuplicateHandle failed for handle 0 in TransferHandles: file /builds/worker/checkouts/gecko/ipc/chromium/src/chrome/common/ipc_channel_win.cc:621
[GPU 15260, IPC I/O Child] WARNING: pipe error: 232: file /builds/worker/checkouts/gecko/ipc/chromium/src/chrome/common/ipc_channel_win.cc:443
1691218781102	geckodriver	INFO	Listening on 127.0.0.1:54481
1691218784130	mozrunner::runner	INFO	Running command: "C:\\Program Files\\Mozilla Firefox\\firefox.exe" "--marionette" "--remote-debugging-port" "54482" "--remote-allow-hosts" "localhost" "-no-remote" "-profile" "C:\\Users\\xfura\\AppData\\Local\\Temp\\rust_mozprofilee5RZoX"
console.warn: services.settings: Ignoring preference override of remote settings server
console.warn: services.settings: Allow by setting MOZ_REMOTE_SETTINGS_DEVTOOLS=1 in the environment
1691218784433	Marionette	INFO	Marionette enabled
Dynamically enable window occlusion 0
1691218784515	Marionette	INFO	Listening on port 54489
WebDriver BiDi listening on ws://127.0.0.1:54482
Read port: 54489
1691218784770	RemoteAgent	WARN	TLS certificate errors will be ignored for this session
DevTools listening on ws://127.0.0.1:54482/devtools/browser/faf4388d-cf0c-48a7-a1ea-b90ca600bb24
JavaScript warning: https://static.cdninstagram.com/rsrc.php/v3ijaT4/yp/l/ja_JP/m64qPNxOIAr.js?_nc_x=Ij3Wp8lg5Kz, line 1750: unreachable code after return statement
JavaScript warning: https://static.cdninstagram.com/rsrc.php/v3ijaT4/yp/l/ja_JP/m64qPNxOIAr.js?_nc_x=Ij3Wp8lg5Kz, line 1753: unreachable code after return statement
JavaScript warning: https://static.cdninstagram.com/rsrc.php/v3ifEd4/y6/l/ja_JP/K5jFCq8dLEl.js?_nc_x=Ij3Wp8lg5Kz, line 137: WEBGL_debug_renderer_info is deprecated in Firefox and will be removed. Please use RENDERER.
[Parent 15032, IPC I/O Parent] WARNING: DuplicateHandle failed for handle 0 in TransferHandles: file /builds/worker/checkouts/gecko/ipc/chromium/src/chrome/common/ipc_channel_win.cc:621
[GPU 12424, IPC I/O Child] WARNING: pipe error: 232: file /builds/worker/checkouts/gecko/ipc/chromium/src/chrome/common/ipc_channel_win.cc:443
console.warn: LoginRecipes: "Falling back to a synchronous message for: https://www.instagram.com."
JavaScript warning: https://static.cdninstagram.com/rsrc.php/v3ijaT4/yp/l/ja_JP/m64qPNxOIAr.js?_nc_x=Ij3Wp8lg5Kz, line 888: Script terminated by timeout at:
h.canUseNavigatorBeacon@https://static.cdninstagram.com/rsrc.php/v3ijaT4/yp/l/ja_JP/m64qPNxOIAr.js?_nc_x=Ij3Wp8lg5Kz:888:4224
B@https://static.cdninstagram.com/rsrc.php/v3ijaT4/yp/l/ja_JP/m64qPNxOIAr.js?_nc_x=Ij3Wp8lg5Kz:888:1580
h._initialize/<@https://static.cdninstagram.com/rsrc.php/v3ijaT4/yp/l/ja_JP/m64qPNxOIAr.js?_nc_x=Ij3Wp8lg5Kz:888:4851
d@https://static.cdninstagram.com/rsrc.php/v3ijaT4/yp/l/ja_JP/m64qPNxOIAr.js?_nc_x=Ij3Wp8lg5Kz:889:158

1691218815534	Marionette	INFO	Stopped listening on port 54489
Dynamically enable window occlusion 1
console.warn: services.settings: main/doh-providers sync interrupted by shutdown
[Parent 15032, IPC I/O Parent] WARNING: DuplicateHandle failed for handle 0 in TransferHandles: file /builds/worker/checkouts/gecko/ipc/chromium/src/chrome/common/ipc_channel_win.cc:621
[GPU 12424, IPC I/O Child] WARNING: pipe error: 232: file /builds/worker/checkouts/gecko/ipc/chromium/src/chrome/common/ipc_channel_win.cc:443
console.warn: services.settings: main/doh-config sync interrupted by shutdown
[Parent 15032, IPC I/O Parent] WARNING: DuplicateHandle failed for handle 0 in TransferHandles: file /builds/worker/checkouts/gecko/ipc/chromium/src/chrome/common/ipc_channel_win.cc:621
[GPU 12424, IPC I/O Child] WARNING: pipe error: 232: file /builds/worker/checkouts/gecko/ipc/chromium/src/chrome/common/ipc_channel_win.cc:443
console.warn: services.settings: main/devtools-devices sync interrupted by shutdown
console.warn: services.settings: main/websites-with-shared-credential-backends sync interrupted by shutdown
console.warn: services.settings: main/translations-models sync interrupted by shutdown
console.warn: services.settings: main/cookie-banner-rules-list sync interrupted by shutdown
console.warn: services.settings: main/devtools-compatibility-browsers sync interrupted by shutdown
console.warn: services.settings: main/language-dictionaries sync interrupted by shutdown
console.warn: services.settings: main/password-recipes sync interrupted by shutdown
console.warn: services.settings: main/password-rules sync interrupted by shutdown
console.warn: services.settings: main/translations-identification-models sync interrupted by shutdown
console.warn: services.settings: main/translations-wasm sync interrupted by shutdown
console.error: (new AbortError("IndexedDB: main/fingerprinting-protection-overrides getLastModified() IndexedDB:  execute() A request was aborted, for example through a call to IDBTransaction.abort.", "resource://services-settings/IDBHelpers.sys.mjs", 16))
[Parent 15032, IPC I/O Parent] WARNING: DuplicateHandle failed for handle 0 in TransferHandles: file /builds/worker/checkouts/gecko/ipc/chromium/src/chrome/common/ipc_channel_win.cc:621
[GPU 12424, IPC I/O Child] WARNING: pipe error: 232: file /builds/worker/checkouts/gecko/ipc/chromium/src/chrome/common/ipc_channel_win.cc:443
[Parent 15032, IPC I/O Parent] WARNING: DuplicateHandle failed for handle 0 in TransferHandles: file /builds/worker/checkouts/gecko/ipc/chromium/src/chrome/common/ipc_channel_win.cc:621
[Parent 15032, IPC I/O Parent] WARNING: DuplicateHandle failed for handle 0 in TransferHandles: file /builds/worker/checkouts/gecko/ipc/chromium/src/chrome/common/ipc_channel_win.cc:621
[GPU 12424, IPC I/O Child] WARNING: pipe error: 232: file /builds/worker/checkouts/gecko/ipc/chromium/src/chrome/common/ipc_channel_win.cc:443
[GPU 12424, IPC I/O Child] WARNING: pipe error: 232: file /builds/worker/checkouts/gecko/ipc/chromium/src/chrome/common/ipc_channel_win.cc:443
1691219005788	geckodriver	INFO	Listening on 127.0.0.1:54774
1691219008839	mozrunner::runner	INFO	Running command: "C:\\Program Files\\Mozilla Firefox\\firefox.exe" "--marionette" "--remote-debugging-port" "54775" "--remote-allow-hosts" "localhost" "-no-remote" "-profile" "C:\\Users\\xfura\\AppData\\Local\\Temp\\rust_mozprofileQdphD6"
console.warn: services.settings: Ignoring preference override of remote settings server
console.warn: services.settings: Allow by setting MOZ_REMOTE_SETTINGS_DEVTOOLS=1 in the environment
1691219009121	Marionette	INFO	Marionette enabled
Dynamically enable window occlusion 0
1691219009216	Marionette	INFO	Listening on port 54784
WebDriver BiDi listening on ws://127.0.0.1:54775
Read port: 54784
1691219009485	RemoteAgent	WARN	TLS certificate errors will be ignored for this session
DevTools listening on ws://127.0.0.1:54775/devtools/browser/6198d1ed-a4aa-4af6-b7c8-5928edde740d
JavaScript warning: https://static.cdninstagram.com/rsrc.php/v3ijaT4/yp/l/ja_JP/m64qPNxOIAr.js?_nc_x=Ij3Wp8lg5Kz, line 1750: unreachable code after return statement
JavaScript warning: https://static.cdninstagram.com/rsrc.php/v3ijaT4/yp/l/ja_JP/m64qPNxOIAr.js?_nc_x=Ij3Wp8lg5Kz, line 1753: unreachable code after return statement
JavaScript warning: https://static.cdninstagram.com/rsrc.php/v3ifEd4/y6/l/ja_JP/K5jFCq8dLEl.js?_nc_x=Ij3Wp8lg5Kz, line 137: WEBGL_debug_renderer_info is deprecated in Firefox and will be removed. Please use RENDERER.
JavaScript error: resource://devtools/server/actors/resources/network-events-content.js, line 68: NS_NOINTERFACE: Component returned failure code: 0x80004002 (NS_NOINTERFACE) [nsISupports.QueryInterface]
[Parent 17940, IPC I/O Parent] WARNING: DuplicateHandle failed for handle 0 in TransferHandles: file /builds/worker/checkouts/gecko/ipc/chromium/src/chrome/common/ipc_channel_win.cc:621
[GPU 18140, IPC I/O Child] WARNING: pipe error: 232: file /builds/worker/checkouts/gecko/ipc/chromium/src/chrome/common/ipc_channel_win.cc:443
JavaScript warning: https://static.cdninstagram.com/rsrc.php/v3ijaT4/yp/l/ja_JP/m64qPNxOIAr.js?_nc_x=Ij3Wp8lg5Kz, line 888: Script terminated by timeout at:
h.canUseNavigatorBeacon@https://static.cdninstagram.com/rsrc.php/v3ijaT4/yp/l/ja_JP/m64qPNxOIAr.js?_nc_x=Ij3Wp8lg5Kz:888:4224
B@https://static.cdninstagram.com/rsrc.php/v3ijaT4/yp/l/ja_JP/m64qPNxOIAr.js?_nc_x=Ij3Wp8lg5Kz:888:1580
h._initialize/<@https://static.cdninstagram.com/rsrc.php/v3ijaT4/yp/l/ja_JP/m64qPNxOIAr.js?_nc_x=Ij3Wp8lg5Kz:888:4851
d@https://static.cdninstagram.com/rsrc.php/v3ijaT4/yp/l/ja_JP/m64qPNxOIAr.js?_nc_x=Ij3Wp8lg5Kz:889:158

JavaScript error: resource://gre/modules/AsyncShutdown.sys.mjs, line 575: NotFoundError: No such JSWindowActor 'DevToolsFrame'
1691219107774	Marionette	INFO	Stopped listening on port 54784
Dynamically enable window occlusion 1
[Parent 17940, IPC I/O Parent] WARNING: DuplicateHandle failed for handle 0 in TransferHandles: file /builds/worker/checkouts/gecko/ipc/chromium/src/chrome/common/ipc_channel_win.cc:621
[GPU 18140, IPC I/O Child] WARNING: pipe error: 232: file /builds/worker/checkouts/gecko/ipc/chromium/src/chrome/common/ipc_channel_win.cc:443
[Parent 17940, IPC I/O Parent] WARNING: DuplicateHandle failed for handle 0 in TransferHandles: file /builds/worker/checkouts/gecko/ipc/chromium/src/chrome/common/ipc_channel_win.cc:621
[GPU 18140, IPC I/O Child] WARNING: pipe error: 232: file /builds/worker/checkouts/gecko/ipc/chromium/src/chrome/common/ipc_channel_win.cc:443
[Parent 17940, IPC I/O Parent] WARNING: DuplicateHandle failed for handle 0 in TransferHandles: file /builds/worker/checkouts/gecko/ipc/chromium/src/chrome/common/ipc_channel_win.cc:621
[GPU 18140, IPC I/O Child] WARNING: pipe error: 232: file /builds/worker/checkouts/gecko/ipc/chromium/src/chrome/common/ipc_channel_win.cc:443
[Parent 17940, IPC I/O Parent] WARNING: DuplicateHandle failed for handle 0 in TransferHandles: file /builds/worker/checkouts/gecko/ipc/chromium/src/chrome/common/ipc_channel_win.cc:621
[GPU 18140, IPC I/O Child] WARNING: pipe error: 232: file /builds/worker/checkouts/gecko/ipc/chromium/src/chrome/common/ipc_channel_win.cc:443
1691219114606	geckodriver	INFO	Listening on 127.0.0.1:54920
1691219117665	mozrunner::runner	INFO	Running command: "C:\\Program Files\\Mozilla Firefox\\firefox.exe" "--marionette" "--remote-debugging-port" "54921" "--remote-allow-hosts" "localhost" "-no-remote" "-profile" "C:\\Users\\xfura\\AppData\\Local\\Temp\\rust_mozprofileThuYPu"
console.warn: services.settings: Ignoring preference override of remote settings server
console.warn: services.settings: Allow by setting MOZ_REMOTE_SETTINGS_DEVTOOLS=1 in the environment
1691219118022	Marionette	INFO	Marionette enabled
Dynamically enable window occlusion 0
1691219118104	Marionette	INFO	Listening on port 54928
WebDriver BiDi listening on ws://127.0.0.1:54921
Read port: 54928
1691219118365	RemoteAgent	WARN	TLS certificate errors will be ignored for this session
DevTools listening on ws://127.0.0.1:54921/devtools/browser/69a2af9a-f810-4fdd-b46c-6661a774df20
JavaScript warning: https://static.cdninstagram.com/rsrc.php/v3ijaT4/yp/l/ja_JP/m64qPNxOIAr.js?_nc_x=Ij3Wp8lg5Kz, line 1750: unreachable code after return statement
JavaScript warning: https://static.cdninstagram.com/rsrc.php/v3ijaT4/yp/l/ja_JP/m64qPNxOIAr.js?_nc_x=Ij3Wp8lg5Kz, line 1753: unreachable code after return statement
JavaScript warning: https://static.cdninstagram.com/rsrc.php/v3ifEd4/y6/l/ja_JP/K5jFCq8dLEl.js?_nc_x=Ij3Wp8lg5Kz, line 137: WEBGL_debug_renderer_info is deprecated in Firefox and will be removed. Please use RENDERER.
[Parent 6448, IPC I/O Parent] WARNING: DuplicateHandle failed for handle 0 in TransferHandles: file /builds/worker/checkouts/gecko/ipc/chromium/src/chrome/common/ipc_channel_win.cc:621
[GPU 8904, IPC I/O Child] WARNING: pipe error: 232: file /builds/worker/checkouts/gecko/ipc/chromium/src/chrome/common/ipc_channel_win.cc:443
1691219135633	Marionette	INFO	Stopped listening on port 54928
Dynamically enable window occlusion 1
[Parent 6448, IPC I/O Parent] WARNING: DuplicateHandle failed for handle 0 in TransferHandles: file /builds/worker/checkouts/gecko/ipc/chromium/src/chrome/common/ipc_channel_win.cc:621
[GPU 8904, IPC I/O Child] WARNING: pipe error: 232: file /builds/worker/checkouts/gecko/ipc/chromium/src/chrome/common/ipc_channel_win.cc:443
[Parent 6448, IPC I/O Parent] WARNING: DuplicateHandle failed for handle 0 in TransferHandles: file /builds/worker/checkouts/gecko/ipc/chromium/src/chrome/common/ipc_channel_win.cc:621
[GPU 8904, IPC I/O Child] WARNING: pipe error: 232: file /builds/worker/checkouts/gecko/ipc/chromium/src/chrome/common/ipc_channel_win.cc:443
[Parent 6448, IPC I/O Parent] WARNING: DuplicateHandle failed for handle 0 in TransferHandles: file /builds/worker/checkouts/gecko/ipc/chromium/src/chrome/common/ipc_channel_win.cc:621
[GPU 8904, IPC I/O Child] WARNING: pipe error: 232: file /builds/worker/checkouts/gecko/ipc/chromium/src/chrome/common/ipc_channel_win.cc:443
1691219196982	geckodriver	INFO	Listening on 127.0.0.1:55110
1691219200031	mozrunner::runner	INFO	Running command: "C:\\Program Files\\Mozilla Firefox\\firefox.exe" "--marionette" "--remote-debugging-port" "55111" "--remote-allow-hosts" "localhost" "-no-remote" "-profile" "C:\\Users\\xfura\\AppData\\Local\\Temp\\rust_mozprofile00rQT4"
console.warn: services.settings: Ignoring preference override of remote settings server
console.warn: services.settings: Allow by setting MOZ_REMOTE_SETTINGS_DEVTOOLS=1 in the environment
1691219200327	Marionette	INFO	Marionette enabled
Dynamically enable window occlusion 0
1691219200419	Marionette	INFO	Listening on port 55118
WebDriver BiDi listening on ws://127.0.0.1:55111
Read port: 55118
1691219200687	RemoteAgent	WARN	TLS certificate errors will be ignored for this session
DevTools listening on ws://127.0.0.1:55111/devtools/browser/08e32983-0a3a-46cc-b1d7-0e79634e558e
JavaScript warning: https://static.cdninstagram.com/rsrc.php/v3ijaT4/yp/l/ja_JP/m64qPNxOIAr.js?_nc_x=Ij3Wp8lg5Kz, line 1750: unreachable code after return statement
JavaScript warning: https://static.cdninstagram.com/rsrc.php/v3ijaT4/yp/l/ja_JP/m64qPNxOIAr.js?_nc_x=Ij3Wp8lg5Kz, line 1753: unreachable code after return statement
JavaScript warning: https://static.cdninstagram.com/rsrc.php/v3ifEd4/y6/l/ja_JP/K5jFCq8dLEl.js?_nc_x=Ij3Wp8lg5Kz, line 137: WEBGL_debug_renderer_info is deprecated in Firefox and will be removed. Please use RENDERER.
JavaScript error: resource://devtools/server/actors/resources/network-events-content.js, line 68: NS_NOINTERFACE: Component returned failure code: 0x80004002 (NS_NOINTERFACE) [nsISupports.QueryInterface]
[Parent 9316, IPC I/O Parent] WARNING: DuplicateHandle failed for handle 0 in TransferHandles: file /builds/worker/checkouts/gecko/ipc/chromium/src/chrome/common/ipc_channel_win.cc:621
[GPU 6424, IPC I/O Child] WARNING: pipe error: 232: file /builds/worker/checkouts/gecko/ipc/chromium/src/chrome/common/ipc_channel_win.cc:443
JavaScript warning: https://static.cdninstagram.com/rsrc.php/v3ijaT4/yp/l/ja_JP/m64qPNxOIAr.js?_nc_x=Ij3Wp8lg5Kz, line 888: Script terminated by timeout at:
h.canUseNavigatorBeacon@https://static.cdninstagram.com/rsrc.php/v3ijaT4/yp/l/ja_JP/m64qPNxOIAr.js?_nc_x=Ij3Wp8lg5Kz:888:4224
B@https://static.cdninstagram.com/rsrc.php/v3ijaT4/yp/l/ja_JP/m64qPNxOIAr.js?_nc_x=Ij3Wp8lg5Kz:888:1580
h._initialize/<@https://static.cdninstagram.com/rsrc.php/v3ijaT4/yp/l/ja_JP/m64qPNxOIAr.js?_nc_x=Ij3Wp8lg5Kz:888:4851
d@https://static.cdninstagram.com/rsrc.php/v3ijaT4/yp/l/ja_JP/m64qPNxOIAr.js?_nc_x=Ij3Wp8lg5Kz:889:158

JavaScript error: resource://gre/modules/AsyncShutdown.sys.mjs, line 575: NotFoundError: No such JSWindowActor 'DevToolsFrame'
JavaScript error: resource://gre/modules/AsyncShutdown.sys.mjs, line 575: NotFoundError: No such JSWindowActor 'DevToolsFrame'
1691219251932	Marionette	INFO	Stopped listening on port 55118
Dynamically enable window occlusion 1
[Parent 9316, IPC I/O Parent] WARNING: DuplicateHandle failed for handle 0 in TransferHandles: file /builds/worker/checkouts/gecko/ipc/chromium/src/chrome/common/ipc_channel_win.cc:621
[GPU 6424, IPC I/O Child] WARNING: pipe error: 232: file /builds/worker/checkouts/gecko/ipc/chromium/src/chrome/common/ipc_channel_win.cc:443
[Parent 9316, IPC I/O Parent] WARNING: DuplicateHandle failed for handle 0 in TransferHandles: file /builds/worker/checkouts/gecko/ipc/chromium/src/chrome/common/ipc_channel_win.cc:621
[GPU 6424, IPC I/O Child] WARNING: pipe error: 232: file /builds/worker/checkouts/gecko/ipc/chromium/src/chrome/common/ipc_channel_win.cc:443
[Parent 9316, IPC I/O Parent] WARNING: DuplicateHandle failed for handle 0 in TransferHandles: file /builds/worker/checkouts/gecko/ipc/chromium/src/chrome/common/ipc_channel_win.cc:621
[GPU 6424, IPC I/O Child] WARNING: pipe error: 232: file /builds/worker/checkouts/gecko/ipc/chromium/src/chrome/common/ipc_channel_win.cc:443
[Parent 9316, IPC I/O Parent] WARNING: DuplicateHandle failed for handle 0 in TransferHandles: file /builds/worker/checkouts/gecko/ipc/chromium/src/chrome/common/ipc_channel_win.cc:621
[GPU 6424, IPC I/O Child] WARNING: pipe error: 232: file /builds/worker/checkouts/gecko/ipc/chromium/src/chrome/common/ipc_channel_win.cc:443
1691219556351	geckodriver	INFO	Listening on 127.0.0.1:55511
1691219559409	mozrunner::runner	INFO	Running command: "C:\\Program Files\\Mozilla Firefox\\firefox.exe" "--marionette" "--remote-debugging-port" "55512" "--remote-allow-hosts" "localhost" "-no-remote" "-profile" "C:\\Users\\xfura\\AppData\\Local\\Temp\\rust_mozprofilesTKSv2"
console.warn: services.settings: Ignoring preference override of remote settings server
console.warn: services.settings: Allow by setting MOZ_REMOTE_SETTINGS_DEVTOOLS=1 in the environment
1691219559697	Marionette	INFO	Marionette enabled
Dynamically enable window occlusion 0
1691219559780	Marionette	INFO	Listening on port 55521
WebDriver BiDi listening on ws://127.0.0.1:55512
Read port: 55521
1691219560042	RemoteAgent	WARN	TLS certificate errors will be ignored for this session
DevTools listening on ws://127.0.0.1:55512/devtools/browser/dc135c56-aad7-4008-a9fb-abde0f3cb942
JavaScript warning: https://static.cdninstagram.com/rsrc.php/v3ijaT4/yp/l/ja_JP/m64qPNxOIAr.js?_nc_x=Ij3Wp8lg5Kz, line 1750: unreachable code after return statement
JavaScript warning: https://static.cdninstagram.com/rsrc.php/v3ijaT4/yp/l/ja_JP/m64qPNxOIAr.js?_nc_x=Ij3Wp8lg5Kz, line 1753: unreachable code after return statement
JavaScript warning: https://static.cdninstagram.com/rsrc.php/v3ifEd4/y6/l/ja_JP/K5jFCq8dLEl.js?_nc_x=Ij3Wp8lg5Kz, line 137: WEBGL_debug_renderer_info is deprecated in Firefox and will be removed. Please use RENDERER.
[Parent 19504, IPC I/O Parent] WARNING: DuplicateHandle failed for handle 0 in TransferHandles: file /builds/worker/checkouts/gecko/ipc/chromium/src/chrome/common/ipc_channel_win.cc:621
[GPU 1120, IPC I/O Child] WARNING: pipe error: 232: file /builds/worker/checkouts/gecko/ipc/chromium/src/chrome/common/ipc_channel_win.cc:443
JavaScript error: resource://devtools/server/actors/resources/network-events-content.js, line 68: NS_NOINTERFACE: Component returned failure code: 0x80004002 (NS_NOINTERFACE) [nsISupports.QueryInterface]
JavaScript warning: https://static.cdninstagram.com/rsrc.php/v3ijaT4/yp/l/ja_JP/m64qPNxOIAr.js?_nc_x=Ij3Wp8lg5Kz, line 888: Script terminated by timeout at:
h.canUseNavigatorBeacon@https://static.cdninstagram.com/rsrc.php/v3ijaT4/yp/l/ja_JP/m64qPNxOIAr.js?_nc_x=Ij3Wp8lg5Kz:888:4224
B@https://static.cdninstagram.com/rsrc.php/v3ijaT4/yp/l/ja_JP/m64qPNxOIAr.js?_nc_x=Ij3Wp8lg5Kz:888:1580
h._initialize/<@https://static.cdninstagram.com/rsrc.php/v3ijaT4/yp/l/ja_JP/m64qPNxOIAr.js?_nc_x=Ij3Wp8lg5Kz:888:4851
d@https://static.cdninstagram.com/rsrc.php/v3ijaT4/yp/l/ja_JP/m64qPNxOIAr.js?_nc_x=Ij3Wp8lg5Kz:889:158

JavaScript error: resource://gre/modules/AsyncShutdown.sys.mjs, line 575: NotFoundError: No such JSWindowActor 'DevToolsFrame'
1691219670521	Marionette	INFO	Stopped listening on port 55521
Dynamically enable window occlusion 1
[Parent 19504, IPC I/O Parent] WARNING: DuplicateHandle failed for handle 0 in TransferHandles: file /builds/worker/checkouts/gecko/ipc/chromium/src/chrome/common/ipc_channel_win.cc:621
[GPU 1120, IPC I/O Child] WARNING: pipe error: 232: file /builds/worker/checkouts/gecko/ipc/chromium/src/chrome/common/ipc_channel_win.cc:443
[Parent 19504, IPC I/O Parent] WARNING: DuplicateHandle failed for handle 0 in TransferHandles: file /builds/worker/checkouts/gecko/ipc/chromium/src/chrome/common/ipc_channel_win.cc:621
[GPU 1120, IPC I/O Child] WARNING: pipe error: 232: file /builds/worker/checkouts/gecko/ipc/chromium/src/chrome/common/ipc_channel_win.cc:443
[Parent 19504, IPC I/O Parent] WARNING: DuplicateHandle failed for handle 0 in TransferHandles: file /builds/worker/checkouts/gecko/ipc/chromium/src/chrome/common/ipc_channel_win.cc:621
[GPU 1120, IPC I/O Child] WARNING: pipe error: 232: file /builds/worker/checkouts/gecko/ipc/chromium/src/chrome/common/ipc_channel_win.cc:443
[Parent 19504, IPC I/O Parent] WARNING: DuplicateHandle failed for handle 0 in TransferHandles: file /builds/worker/checkouts/gecko/ipc/chromium/src/chrome/common/ipc_channel_win.cc:621
[Parent 19504, IPC I/O Parent] WARNING: DuplicateHandle failed for handle 0 in TransferHandles: file /builds/worker/checkouts/gecko/ipc/chromium/src/chrome/common/ipc_channel_win.cc:621
[GPU 1120, IPC I/O Child] WARNING: pipe error: 232: file /builds/worker/checkouts/gecko/ipc/chromium/src/chrome/common/ipc_channel_win.cc:443
[GPU 1120, IPC I/O Child] WARNING: pipe error: 232: file /builds/worker/checkouts/gecko/ipc/chromium/src/chrome/common/ipc_channel_win.cc:443
heckouts/gecko/ipc/chromium/src/chrome/common/ipc_channel_win.cc:443
[Parent 18820, IPC I/O Parent] WARNING: DuplicateHandle failed for handle 0 in TransferHandles: file /builds/worker/checkouts/gecko/ipc/chromium/src/chrome/common/ipc_channel_win.cc:621
[GPU 8668, IPC I/O Child] WARNING: pipe error: 232: file /builds/worker/checkouts/gecko/ipc/chromium/src/chrome/common/ipc_channel_win.cc:443
1691219677657	geckodriver	INFO	Listening on 127.0.0.1:55729
1691219680690	mozrunner::runner	INFO	Running command: "C:\\Program Files\\Mozilla Firefox\\firefox.exe" "--marionette" "--remote-debugging-port" "55730" "--remote-allow-hosts" "localhost" "-no-remote" "-profile" "C:\\Users\\xfura\\AppData\\Local\\Temp\\rust_mozprofileFZHlD4"
console.warn: services.settings: Ignoring preference override of remote settings server
console.warn: services.settings: Allow by setting MOZ_REMOTE_SETTINGS_DEVTOOLS=1 in the environment
1691219680973	Marionette	INFO	Marionette enabled
Dynamically enable window occlusion 0
1691219681058	Marionette	INFO	Listening on port 55737
WebDriver BiDi listening on ws://127.0.0.1:55730
Read port: 55737
1691219681326	RemoteAgent	WARN	TLS certificate errors will be ignored for this session
DevTools listening on ws://127.0.0.1:55730/devtools/browser/436e98c6-e04f-4619-9665-377ea49f85bc
JavaScript warning: https://static.cdninstagram.com/rsrc.php/v3ijaT4/yp/l/ja_JP/m64qPNxOIAr.js?_nc_x=Ij3Wp8lg5Kz, line 1750: unreachable code after return statement
JavaScript warning: https://static.cdninstagram.com/rsrc.php/v3ijaT4/yp/l/ja_JP/m64qPNxOIAr.js?_nc_x=Ij3Wp8lg5Kz, line 1753: unreachable code after return statement
JavaScript warning: https://static.cdninstagram.com/rsrc.php/v3ifEd4/y6/l/ja_JP/K5jFCq8dLEl.js?_nc_x=Ij3Wp8lg5Kz, line 137: WEBGL_debug_renderer_info is deprecated in Firefox and will be removed. Please use RENDERER.
[Parent 5724, IPC I/O Parent] WARNING: DuplicateHandle failed for handle 0 in TransferHandles: file /builds/worker/checkouts/gecko/ipc/chromium/src/chrome/common/ipc_channel_win.cc:621
[GPU 18140, IPC I/O Child] WARNING: pipe error: 232: file /builds/worker/checkouts/gecko/ipc/chromium/src/chrome/common/ipc_channel_win.cc:443
JavaScript error: resource://devtools/server/actors/resources/network-events-content.js, line 68: NS_NOINTERFACE: Component returned failure code: 0x80004002 (NS_NOINTERFACE) [nsISupports.QueryInterface]
JavaScript warning: https://static.cdninstagram.com/rsrc.php1691220807198	mozrunner::runner	INFO	Running command: "C:\\Program Files\\Mozilla Firefox\\firefox.exe" "--marionette" "--remote-debugging-port" "57883" "--remote-allow-hosts" "localhost" "-no-remote" "-profile" "C:\\Users\\xfura\\AppData\\Local\\Temp\\rust_mozprofilep0qW04"
console.warn: services.settings: Ignoring preference override of remote settings server
console.warn: services.settings: Allow by setting MOZ_REMOTE_SETTINGS_DEVTOOLS=1 in the environment
1691220807562	Marionette	INFO	Marionette enabled
Dynamically enable window occlusion 0
1691220807646	Marionette	INFO	Listening on port 57890
WebDriver BiDi listening on ws://127.0.0.1:57883
Read port: 57890
1691220807913	RemoteAgent	WARN	TLS certificate errors will be ignored for this session
DevTools listening on ws://127.0.0.1:57883/devtools/browser/aace580e-74f1-46ce-b079-87e40c8295db
JavaScript warning: https://static.cdninstagram.com/rsrc.php/v3ijaT4/yp/l/ja_JP/m64qPNxOIAr.js?_nc_x=Ij3Wp8lg5Kz, line 1750: unreachable code after return statement
JavaScript warning: https://static.cdninstagram.com/rsrc.php/v3ijaT4/yp/l/ja_JP/m64qPNxOIAr.js?_nc_x=Ij3Wp8lg5Kz, line 1753: unreachable code after return statement
JavaScript warning: https://static.cdninstagram.com/rsrc.php/v3ifEd4/y6/l/ja_JP/K5jFCq8dLEl.js?_nc_x=Ij3Wp8lg5Kz, line 137: WEBGL_debug_renderer_info is deprecated in Firefox and will be removed. Please use RENDERER.
[Parent 5952, IPC I/O Parent] WARNING: DuplicateHandle failed for handle 0 in TransferHandles: file /builds/worker/checkouts/gecko/ipc/chromium/src/chrome/common/ipc_channel_win.cc:621
[GPU 9816, IPC I/O Child] WARNING: pipe error: 232: file /builds/worker/checkouts/gecko/ipc/chromium/src/chrome/common/ipc_channel_win.cc:443
JavaScript error: resource://devtools/server/actors/resources/network-events-content.js, line 68: NS_NOINTERFACE: Component returned failure code: 0x80004002 (NS_NOINTERFACE) [nsISupports.QueryInterface]
JavaScript warning: https://static.cdninstagram.com/rsrc.php/v3ijaT4/yp/l/ja_JP/m64qPNxOIAr.js?_nc_x=Ij3Wp8lg5Kz, line 888: Script terminated by timeout at:
h.canUseNavigatorBeacon@https://static.cdninstagram.com/rsrc.php/v3ijaT4/yp/l/ja_JP/m64qPNxOIAr.js?_nc_x=Ij3Wp8lg5Kz:888:4224
B@https://static.cdninstagram.com/rsrc.php/v3ijaT4/yp/l/ja_JP/m64qPNxOIAr.js?_nc_x=Ij3Wp8lg5Kz:888:1580
h._initialize/<@https://static.cdninstagram.com/rsrc.php/v3ijaT4/yp/l/ja_JP/m64qPNxOIAr.js?_nc_x=Ij3Wp8lg5Kz:888:4851
d@https://static.cdninstagram.com/rsrc.php/v3ijaT4/yp/l/ja_JP/m64qPNxOIAr.js?_nc_x=Ij3Wp8lg5Kz:889:158

JavaScript error: resource://gre/modules/AsyncShutdown.sys.mjs, line 575: NotFoundError: No such JSWindowActor 'DevToolsFrame'
JavaScript error: resource://gre/modules/AsyncShutdown.sys.mjs, line 575: NotFoundError: No such JSWindowActor 'DevToolsFrame'
1691221417408	Marionette	INFO	Stopped listening on port 57890
Dynamically enable window occlusion 1
[Parent 5952, IPC I/O Parent] WARNING: DuplicateHandle failed for handle 0 in TransferHandles: file /builds/worker/checkouts/gecko/ipc/chromium/src/chrome/common/ipc_channel_win.cc:621
[GPU 9816, IPC I/O Child] WARNING: pipe error: 232: file /builds/worker/checkouts/gecko/ipc/chromium/src/chrome/common/ipc_channel_win.cc:443
[Parent 5952, IPC I/O Parent] WARNING: DuplicateHandle failed for handle 0 in TransferHandles: file /builds/worker/checkouts/gecko/ipc/chromium/src/chrome/common/ipc_channel_win.cc:621
[GPU 9816, IPC I/O Child] WARNING: pipe error: 232: file /builds/worker/checkouts/gecko/ipc/chromium/src/chrome/common/ipc_channel_win.cc:443
[Parent 5952, IPC I/O Parent] WARNING: DuplicateHandle failed for handle 0 in TransferHandles: file /builds/worker/checkouts/gecko/ipc/chromium/src/chrome/common/ipc_channel_win.cc:621
[GPU 9816, IPC I/O Child] WARNING: pipe error: 232: file /builds/worker/checkouts/gecko/ipc/chromium/src/chrome/common/ipc_channel_win.cc:443
[Parent 5952, IPC I/O Parent] WARNING: DuplicateHandle failed for handle 0 in TransferHandles: file /builds/worker/checkouts/gecko/ipc/chromium/src/chrome/common/ipc_channel_win.cc:621
[GPU 9816, IPC I/O Child] WARNING: pipe error: 232: file /builds/worker/checkouts/gecko/ipc/chromium/src/chrome/common/ipc_channel_win.cc:443
1691221417818	geckodriver	INFO	Listening on 127.0.0.1:58616
1691221420885	mozrunner::runner	INFO	Running command: "C:\\Program Files\\Mozilla Firefox\\firefox.exe" "--marionette" "--remote-debugging-port" "58617" "--remote-allow-hosts" "localhost" "-no-remote" "-profile" "C:\\Users\\xfura\\AppData\\Local\\Temp\\rust_mozprofilesWjnsq"
console.warn: services.settings: Ignoring preference override of remote settings server
console.warn: services.settings: Allow by setting MOZ_REMOTE_SETTINGS_DEVTOOLS=1 in the environment
1691221421227	Marionette	INFO	Marionette enabled
Dynamically enable window occlusion 0
1691221421308	Marionette	INFO	Listening on port 58627
WebDriver BiDi listening on ws://127.0.0.1:58617
Read port: 58627
1691221421516	RemoteAgent	WARN	TLS certificate errors will be ignored for this session
DevTools listening on ws://127.0.0.1:58617/devtools/browser/cfe5d030-03c3-480b-819d-97e6ce832793
JavaScript warning: https://static.cdninstagram.com/rsrc.php/v3ijaT4/yp/l/ja_JP/m64qPNxOIAr.js?_nc_x=Ij3Wp8lg5Kz, line 1750: unreachable code after return statement
JavaScript warning: https://static.cdninstagram.com/rsrc.php/v3ijaT4/yp/l/ja_JP/m64qPNxOIAr.js?_nc_x=Ij3Wp8lg5Kz, line 1753: unreachable code after return statement
JavaScript warning: https://static.cdninstagram.com/rsrc.php/v3ifEd4/y6/l/ja_JP/K5jFCq8dLEl.js?_nc_x=Ij3Wp8lg5Kz, line 137: WEBGL_debug_renderer_info is deprecated in Firefox and will be removed. Please use RENDERER.
console.warn: LoginRecipes: "Falling back to a synchronous message for: https://www.instagram.com."
[Parent 14180, IPC I/O Parent] WARNING: DuplicateHandle failed for handle 0 in TransferHandles: file /builds/worker/checkouts/gecko/ipc/chromium/src/chrome/common/ipc_channel_win.cc:621
[GPU 5904, IPC I/O Child] WARNING: pipe error: 232: file /builds/worker/checkouts/gecko/ipc/chromium/src/chrome/common/ipc_channel_win.cc:443
JavaScript warning: https://static.cdninstagram.com/rsrc.php/v3i4C-4/yX/l/makehaste_jhash/m64qPNxOIAr.js?_nc_x=Ij3Wp8lg5Kz, line 1750: unreachable code after return statement
JavaScript warning: https://static.cdninstagram.com/rsrc.php/v3i4C-4/yX/l/makehaste_jhash/m64qPNxOIAr.js?_nc_x=Ij3Wp8lg5Kz, line 1753: unreachable code after return statement
JavaScript warning: https://static.cdninstagram.com/rsrc.php/v3ieCg4/yu/l/makehaste_jhash/K5jFCq8dLEl.js?_nc_x=Ij3Wp8lg5Kz, line 137: WEBGL_debug_renderer_info is deprecated in Firefox and will be removed. Please use RENDERER.
JavaScript warning: https://static.cdninstagram.com/rsrc.php/v3i4C-4/yX/l/makehaste_jhash/m64qPNxOIAr.js?_nc_x=Ij3Wp8lg5Kz, line 888: Script terminated by timeout at:
h.canUseNavigatorBeacon@https://static.cdninstagram.com/rsrc.php/v3i4C-4/yX/l/makehaste_jhash/m64qPNxOIAr.js?_nc_x=Ij3Wp8lg5Kz:888:4224
B@https://static.cdninstagram.com/rsrc.php/v3i4C-4/yX/l/makehaste_jhash/m64qPNxOIAr.js?_nc_x=Ij3Wp8lg5Kz:888:1580
h._initialize/<@https://static.cdninstagram.com/rsrc.php/v3i4C-4/yX/l/makehaste_jhash/m64qPNxOIAr.js?_nc_x=Ij3Wp8lg5Kz:888:4851
d@https://static.cdninstagram.com/rsrc.php/v3i4C-4/yX/l/makehaste_jhash/m64qPNxOIAr.js?_nc_x=Ij3Wp8lg5Kz:889:158

1691221432578	Marionette	INFO	Stopped listening on port 58627
Dynamically enable window occlusion 1
[Parent 14180, IPC I/O Parent] WARNING: DuplicateHandle failed for handle 0 in TransferHandles: file /builds/worker/checkouts/gecko/ipc/chromium/src/chrome/common/ipc_channel_win.cc:621
[GPU 5904, IPC I/O Child] WARNING: pipe error: 232: file /builds/worker/checkouts/gecko/ipc/chromium/src/chrome/common/ipc_channel_win.cc:443
[Parent 14180, IPC I/O Parent] WARNING: DuplicateHandle failed for handle 0 in TransferHandles: file /builds/worker/checkouts/gecko/ipc/chromium/src/chrome/common/ipc_channel_win.cc:621
[GPU 5904, IPC I/O Child] WARNING: pipe error: 232: file /builds/worker/checkouts/gecko/ipc/chromium/src/chrome/common/ipc_channel_win.cc:443
[Parent 14180, IPC I/O Parent] WARNING: DuplicateHandle failed for handle 0 in TransferHandles: file /builds/worker/checkouts/gecko/ipc/chromium/src/chrome/common/ipc_channel_win.cc:621
[GPU 5904, IPC I/O Child] WARNING: pipe error: 232: file /builds/worker/checkouts/gecko/ipc/chromium/src/chrome/common/ipc_channel_win.cc:443
[Parent 14180, IPC I/O Parent] WARNING: DuplicateHandle failed for handle 0 in TransferHandles: file /builds/worker/checkouts/gecko/ipc/chromium/src/chrome/common/ipc_channel_win.cc:621
[GPU 5904, IPC I/O Child] WARNING: pipe error: 232: file /builds/worker/checkouts/gecko/ipc/chromium/src/chrome/common/ipc_channel_win.cc:443
[Parent 14180, IPC I/O Parent] WARNING: DuplicateHandle failed for handle 0 in TransferHandles: file /builds/worker/checkouts/gecko/ipc/chromium/src/chrome/common/ipc_channel_win.cc:621
[GPU 5904, IPC I/O Child] WARNING: pipe error: 232: file /builds/worker/checkouts/gecko/ipc/chromium/src/chrome/common/ipc_channel_win.cc:443
[Parent 14180, IPC I/O Parent] WARNING: DuplicateHandle failed for handle 0 in TransferHandles: file /builds/worker/checkouts/gecko/ipc/chromium/src/chrome/common/ipc_channel_win.cc:621
[GPU 5904, IPC I/O Child] WARNING: pipe error: 232: file /builds/worker/checkouts/gecko/ipc/chromium/src/chrome/common/ipc_channel_win.cc:443
